<?xml version="1.0" encoding="UTF-8"?>
<!-- Generated by org.testng.reporters.JUnitReportReporter -->
<testsuite hostname="DESKTOP-UAS4C4C" failures="0" tests="2" name="Tests.CalcAppTest" time="7.742" errors="0" timestamp="2021-07-30T15:45:10 PKT" skipped="0">
  <testcase classname="Tests.CalcAppTest" name="SimpleTest2" time="3.722"/>
  <system-out/>
  <testcase classname="Tests.CalcAppTest" name="SimpleTest" time="4.020"/>
  <system-out/>
</testsuite> <!-- Tests.CalcAppTest -->
