<?xml version="1.0" encoding="UTF-8"?>
<!-- Generated by org.testng.reporters.JUnitReportReporter -->
<testsuite hostname="DESKTOP-UAS4C4C" failures="0" tests="2" name="Tests.DummyPageExecution" time="37.198" errors="0" timestamp="2021-08-06T11:20:51 PKT" skipped="0">
  <testcase classname="Tests.DummyPageExecution" name="tc2" time="4.458"/>
  <system-out/>
  <testcase classname="Tests.DummyPageExecution" name="tc1" time="32.740"/>
  <system-out/>
</testsuite> <!-- Tests.DummyPageExecution -->
