<?xml version="1.0" encoding="UTF-8"?>
<!-- Generated by org.testng.reporters.JUnitReportReporter -->
<testsuite hostname="DESKTOP-UAS4C4C" failures="0" tests="1" name="Tests.OneTimePassword" time="309.503" errors="0" timestamp="2021-09-08T13:00:33 PKT" skipped="0">
  <testcase classname="Tests.OneTimePassword" name="TestCase1" time="309.503"/>
  <system-out/>
</testsuite> <!-- Tests.OneTimePassword -->
